0 info it worked if it ends with ok
1 verbose cli [ 'C:\\Program Files\\NodeJS\\node.exe',
1 verbose cli   'C:\\Program Files\\NodeJS\\node_modules\\npm\\bin\\npm-cli.js',
1 verbose cli   'run-script',
1 verbose cli   'start' ]
2 info using npm@3.10.8
3 info using node@v6.9.1
4 verbose run-script [ 'prestart', 'start', 'poststart' ]
5 info lifecycle urlshortener@1.0.0~prestart: urlshortener@1.0.0
6 silly lifecycle urlshortener@1.0.0~prestart: no script for prestart, continuing
7 info lifecycle urlshortener@1.0.0~start: urlshortener@1.0.0
8 verbose lifecycle urlshortener@1.0.0~start: unsafe-perm in lifecycle true
9 verbose lifecycle urlshortener@1.0.0~start: PATH: C:\Program Files\NodeJS\node_modules\npm\bin\node-gyp-bin;C:\Users\Dennis\WebstormProjects\urlshortener\node_modules\.bin;C:\Program Files\Docker\Docker\Resources\bin;C:\ProgramData\Oracle\Java\javapath;C:\windows\system32;C:\windows;C:\windows\System32\Wbem;C:\windows\System32\WindowsPowerShell\v1.0\;C:\Program Files\MiKTeX\miktex\bin\x64\;C:\Program Files (x86)\Skype\Phone\;C:\Program Files\Calibre2\;C:\Program Files\Inkscape;C:\Program Files\Prolog\bin;C:\Program Files\TortoiseSVN\bin;C:\Program Files\Git\bin;C:\Program Files\OpenVPN\bin;C:\Program Files (x86)\Windows Live\Shared;C:\WINDOWS\system32;C:\WINDOWS;C:\WINDOWS\System32\Wbem;C:\WINDOWS\System32\WindowsPowerShell\v1.0\;C:\Program Files\NodeJS\;C:\Program Files (x86)\Pandoc\;C:\Users\Dennis\AppData\Local\atom\bin;C:\Users\Dennis\AppData\Local\Microsoft\WindowsApps;C:\Users\Dennis\AppData\Roaming\npm
10 verbose lifecycle urlshortener@1.0.0~start: CWD: C:\Users\Dennis\WebstormProjects\urlshortener
11 silly lifecycle urlshortener@1.0.0~start: Args: [ '/d /s /c', 'node app.js' ]
12 silly lifecycle urlshortener@1.0.0~start: Returned: code: 1  signal: null
13 info lifecycle urlshortener@1.0.0~start: Failed to exec start script
14 verbose stack Error: urlshortener@1.0.0 start: `node app.js`
14 verbose stack Exit status 1
14 verbose stack     at EventEmitter.<anonymous> (C:\Program Files\NodeJS\node_modules\npm\lib\utils\lifecycle.js:255:16)
14 verbose stack     at emitTwo (events.js:106:13)
14 verbose stack     at EventEmitter.emit (events.js:191:7)
14 verbose stack     at ChildProcess.<anonymous> (C:\Program Files\NodeJS\node_modules\npm\lib\utils\spawn.js:40:14)
14 verbose stack     at emitTwo (events.js:106:13)
14 verbose stack     at ChildProcess.emit (events.js:191:7)
14 verbose stack     at maybeClose (internal/child_process.js:877:16)
14 verbose stack     at Process.ChildProcess._handle.onexit (internal/child_process.js:226:5)
15 verbose pkgid urlshortener@1.0.0
16 verbose cwd C:\Users\Dennis\WebstormProjects\urlshortener
17 error Windows_NT 10.0.14393
18 error argv "C:\\Program Files\\NodeJS\\node.exe" "C:\\Program Files\\NodeJS\\node_modules\\npm\\bin\\npm-cli.js" "run-script" "start"
19 error node v6.9.1
20 error npm  v3.10.8
21 error code ELIFECYCLE
22 error urlshortener@1.0.0 start: `node app.js`
22 error Exit status 1
23 error Failed at the urlshortener@1.0.0 start script 'node app.js'.
23 error Make sure you have the latest version of node.js and npm installed.
23 error If you do, this is most likely a problem with the urlshortener package,
23 error not with npm itself.
23 error Tell the author that this fails on your system:
23 error     node app.js
23 error You can get information on how to open an issue for this project with:
23 error     npm bugs urlshortener
23 error Or if that isn't available, you can get their info via:
23 error     npm owner ls urlshortener
23 error There is likely additional logging output above.
24 verbose exit [ 1, true ]
